  class String.cpp
D:\Проекты\class String\class String.cpp(29,18): warning C4267: =: преобразование из "size_t" в "unsigned int"; возможна потеря данных
D:\Проекты\class String\class String.cpp(121,22): warning C4018: <: несоответствие типов со знаком и без знака
D:\Проекты\class String\class String.cpp(177,19): warning C4267: инициализация: преобразование из "size_t" в "int"; возможна потеря данных
D:\Проекты\class String\class String.cpp(179,21): warning C4018: <: несоответствие типов со знаком и без знака
D:\Проекты\class String\class String.cpp(183,21): warning C4018: <: несоответствие типов со знаком и без знака
D:\Проекты\class String\class String.cpp(193,19): warning C4267: инициализация: преобразование из "size_t" в "int"; возможна потеря данных
D:\Проекты\class String\class String.cpp(195,21): warning C4018: <: несоответствие типов со знаком и без знака
D:\Проекты\class String\class String.cpp(209,27): warning C4018: <: несоответствие типов со знаком и без знака
D:\Проекты\class String\class String.cpp(211,22): warning C4018: <: несоответствие типов со знаком и без знака
D:\Проекты\class String\class String.cpp(222,40): warning C4018: <: несоответствие типов со знаком и без знака
D:\Проекты\class String\class String.cpp(226,22): warning C4018: <: несоответствие типов со знаком и без знака
D:\Проекты\class String\class String.cpp(251,21): warning C4018: <: несоответствие типов со знаком и без знака
D:\Проекты\class String\class String.cpp(270,21): warning C4018: <: несоответствие типов со знаком и без знака
D:\Проекты\class String\class String.cpp(291,14): warning C4267: инициализация: преобразование из "size_t" в "int"; возможна потеря данных
D:\Проекты\class String\class String.cpp(321,21): warning C4018: <: несоответствие типов со знаком и без знака
D:\Проекты\class String\class String.cpp(352,21): warning C4018: <: несоответствие типов со знаком и без знака
D:\Проекты\class String\class String.cpp(361,21): warning C4018: <: несоответствие типов со знаком и без знака
D:\Проекты\class String\class String.cpp(371,21): warning C4018: <: несоответствие типов со знаком и без знака
D:\Проекты\class String\class String.cpp(373,22): warning C4018: <: несоответствие типов со знаком и без знака
D:\Проекты\class String\class String.cpp(386,21): warning C4018: <: несоответствие типов со знаком и без знака
D:\Проекты\class String\class String.cpp(388,21): warning C4018: <: несоответствие типов со знаком и без знака
D:\Проекты\class String\class String.cpp(399,21): warning C4018: <: несоответствие типов со знаком и без знака
D:\Проекты\class String\class String.cpp(406,15): warning C4018: <: несоответствие типов со знаком и без знака
D:\Проекты\class String\class String.cpp(485,12): warning C4244: аргумент: преобразование "time_t" в "unsigned int", возможна потеря данных
D:\Проекты\class String\class String.cpp(447): warning C4715: String::operator-: значение возвращается не при всех путях выполнения
D:\Проекты\class String\class String.cpp(432): warning C4715: String::LastIndex: значение возвращается не при всех путях выполнения
D:\Проекты\class String\class String.cpp(421): warning C4715: String::FirstIndex: значение возвращается не при всех путях выполнения
  class String.vcxproj -> D:\Проекты\class String\x64\Debug\class String.exe
